android/app/build/intermediates/manifest_merge_blame_file/release/manifest-merger-blame-release-report.txt
1<?xml version="1.0" encoding="utf-8"?>
2<manifest xmlns:android="http://schemas.android.com/apk/res/android"
3    package="com.aliyun.emas.pocdemo"
4    android:versionCode="1"
5    android:versionName="1.0" >
6
7    <uses-sdk
8        android:minSdkVersion="21"
8-->src/main/AndroidManifest.xml
9        android:targetSdkVersion="33" />
9-->src/main/AndroidManifest.xml
10
11    <uses-permission android:name="android.permission.INTERNET" />
11-->src/main/AndroidManifest.xml:3:5-67
11-->src/main/AndroidManifest.xml:3:22-64
12    <uses-permission android:name="android.permission.ACCESS_NETWORK_STATE" />
12-->[com.google.firebase:firebase-messaging:23.0.3] AndroidManifest.xml:25:5-79
12-->[com.google.firebase:firebase-messaging:23.0.3] AndroidManifest.xml:25:22-76
13    <uses-permission android:name="android.permission.WAKE_LOCK" /> <!-- Required by older versions of Google Play services to create IID tokens -->
13-->[com.google.firebase:firebase-messaging:23.0.3] AndroidManifest.xml:26:5-68
13-->[com.google.firebase:firebase-messaging:23.0.3] AndroidManifest.xml:26:22-65
14    <uses-permission android:name="com.google.android.c2dm.permission.RECEIVE" /> <!-- 兼容flyme5.0以下版本，魅族内部集成pushSDK必填，不然无法收到消息 -->
14-->[com.google.firebase:firebase-messaging:23.0.3] AndroidManifest.xml:28:5-82
14-->[com.google.firebase:firebase-messaging:23.0.3] AndroidManifest.xml:28:22-79
15    <uses-permission android:name="com.meizu.flyme.push.permission.RECEIVE" />
15-->[com.aliyun.ams:alicloud-android-third-push-meizu:3.8.7] AndroidManifest.xml:14:5-79
15-->[com.aliyun.ams:alicloud-android-third-push-meizu:3.8.7] AndroidManifest.xml:14:22-76
16
17    <permission
17-->[com.aliyun.ams:alicloud-android-third-push-meizu:3.8.7] AndroidManifest.xml:16:5-18:47
18        android:name="com.aliyun.emas.pocdemo.push.permission.MESSAGE"
18-->[com.aliyun.ams:alicloud-android-third-push-meizu:3.8.7] AndroidManifest.xml:17:9-64
19        android:protectionLevel="signature" />
19-->[com.aliyun.ams:alicloud-android-third-push-meizu:3.8.7] AndroidManifest.xml:18:9-44
20
21    <uses-permission android:name="com.aliyun.emas.pocdemo.push.permission.MESSAGE" /> <!-- 兼容flyme3.0配置权限 -->
21-->[com.aliyun.ams:alicloud-android-third-push-meizu:3.8.7] AndroidManifest.xml:20:5-80
21-->[com.aliyun.ams:alicloud-android-third-push-meizu:3.8.7] AndroidManifest.xml:20:22-77
22    <uses-permission android:name="com.meizu.c2dm.permission.RECEIVE" />
22-->[com.aliyun.ams:alicloud-android-third-push-meizu:3.8.7] AndroidManifest.xml:23:5-73
22-->[com.aliyun.ams:alicloud-android-third-push-meizu:3.8.7] AndroidManifest.xml:23:22-70
23    <uses-permission android:name="com.coloros.mcs.permission.RECIEVE_MCS_MESSAGE" />
23-->[com.aliyun.ams:alicloud-android-third-push-oppo:3.8.7] AndroidManifest.xml:13:5-86
23-->[com.aliyun.ams:alicloud-android-third-push-oppo:3.8.7] AndroidManifest.xml:13:22-83
24    <uses-permission android:name="com.heytap.mcs.permission.RECIEVE_MCS_MESSAGE" /> <!-- 小米通道相关权限 -->
24-->[com.aliyun.ams:alicloud-android-third-push-oppo:3.8.7] AndroidManifest.xml:14:5-85
24-->[com.aliyun.ams:alicloud-android-third-push-oppo:3.8.7] AndroidManifest.xml:14:22-82
25    <permission
25-->[com.aliyun.ams:alicloud-android-third-push-xiaomi:3.8.7] AndroidManifest.xml:13:5-15:47
26        android:name="com.aliyun.emas.pocdemo.permission.MIPUSH_RECEIVE"
26-->[com.aliyun.ams:alicloud-android-third-push-xiaomi:3.8.7] AndroidManifest.xml:14:9-66
27        android:protectionLevel="signature" />
27-->[com.aliyun.ams:alicloud-android-third-push-xiaomi:3.8.7] AndroidManifest.xml:15:9-44
28
29    <uses-permission android:name="android.permission.VIBRATE" />
29-->[com.aliyun.ams:alicloud-android-third-push-xiaomi:3.8.7] AndroidManifest.xml:19:5-66
29-->[com.aliyun.ams:alicloud-android-third-push-xiaomi:3.8.7] AndroidManifest.xml:19:22-63
30    <uses-permission android:name="com.aliyun.emas.pocdemo.permission.MIPUSH_RECEIVE" /> <!-- 打开应用时，获取应用信息判断是否有已经打开的界面 -->
30-->[com.aliyun.ams:alicloud-android-third-push-xiaomi:3.8.7] AndroidManifest.xml:20:5-82
30-->[com.aliyun.ams:alicloud-android-third-push-xiaomi:3.8.7] AndroidManifest.xml:20:22-79
31    <uses-permission android:name="android.permission.GET_TASKS" /> <!-- 打开应用时，如果应用存在就把他移到前台 -->
31-->[com.aliyun.ams:alicloud-android-agoo:4.7.7-emas] AndroidManifest.xml:17:5-68
31-->[com.aliyun.ams:alicloud-android-agoo:4.7.7-emas] AndroidManifest.xml:17:22-65
32    <uses-permission android:name="android.permission.REORDER_TASKS" />
32-->[com.aliyun.ams:alicloud-android-agoo:4.7.7-emas] AndroidManifest.xml:20:5-72
32-->[com.aliyun.ams:alicloud-android-agoo:4.7.7-emas] AndroidManifest.xml:20:22-69
33
34    <permission
34-->[com.aliyun.ams:alicloud-android-agoo:4.7.7-emas] AndroidManifest.xml:22:5-26:47
35        android:name="com.aliyun.emas.pocdemo.AGOO"
35-->[com.aliyun.ams:alicloud-android-agoo:4.7.7-emas] AndroidManifest.xml:23:9-45
36        android:description="@string/agoo_permission_description"
36-->[com.aliyun.ams:alicloud-android-agoo:4.7.7-emas] AndroidManifest.xml:24:9-66
37        android:label="@string/agoo_permission_label"
37-->[com.aliyun.ams:alicloud-android-agoo:4.7.7-emas] AndroidManifest.xml:25:9-54
38        android:protectionLevel="signature" />
38-->[com.aliyun.ams:alicloud-android-agoo:4.7.7-emas] AndroidManifest.xml:26:9-44
39
40    <uses-permission android:name="com.aliyun.emas.pocdemo.AGOO" />
40-->[com.aliyun.ams:alicloud-android-agoo:4.7.7-emas] AndroidManifest.xml:28:5-61
40-->[com.aliyun.ams:alicloud-android-agoo:4.7.7-emas] AndroidManifest.xml:28:22-58
41    <uses-permission android:name="android.permission.POST_NOTIFICATIONS" />
41-->[com.meizu.flyme.internet:push-internal:4.2.3] AndroidManifest.xml:10:5-77
41-->[com.meizu.flyme.internet:push-internal:4.2.3] AndroidManifest.xml:10:22-74
42    <uses-permission android:name="com.meizu.flyme.permission.PUSH" />
42-->[com.meizu.flyme.internet:push-internal:4.2.3] AndroidManifest.xml:13:5-71
42-->[com.meizu.flyme.internet:push-internal:4.2.3] AndroidManifest.xml:13:22-68
43    <uses-permission android:name="android.permission.ACCESS_WIFI_STATE" />
43-->[com.aliyun.ams:xiaomi-push:5.7.8] AndroidManifest.xml:13:5-76
43-->[com.aliyun.ams:xiaomi-push:5.7.8] AndroidManifest.xml:13:22-73
44
45    <permission
45-->[com.huawei.hms:push:6.11.0.300] AndroidManifest.xml:9:5-11:47
46        android:name="com.aliyun.emas.pocdemo.permission.PROCESS_PUSH_MSG"
46-->[com.huawei.hms:push:6.11.0.300] AndroidManifest.xml:10:9-68
47        android:protectionLevel="signature" /> <!-- PUSH_PROVIDER and PUSH_WRITE_PROVIDER are both provider registered permissions for the notification switch. -->
47-->[com.huawei.hms:push:6.11.0.300] AndroidManifest.xml:11:9-44
48    <!-- The SDK's notification bar switch, EMUI 9.x becomes write to the local sp, sharing the file through the provider to the push-rom, which reads the sp file to get the status of the notification bar switch. -->
49    <permission
49-->[com.huawei.hms:push:6.11.0.300] AndroidManifest.xml:14:5-16:47
50        android:name="com.aliyun.emas.pocdemo.permission.PUSH_PROVIDER"
50-->[com.huawei.hms:push:6.11.0.300] AndroidManifest.xml:15:9-65
51        android:protectionLevel="signature" />
51-->[com.huawei.hms:push:6.11.0.300] AndroidManifest.xml:16:9-44
52    <permission
52-->[com.huawei.hms:push:6.11.0.300] AndroidManifest.xml:17:5-19:47
53        android:name="com.aliyun.emas.pocdemo.permission.PUSH_WRITE_PROVIDER"
53-->[com.huawei.hms:push:6.11.0.300] AndroidManifest.xml:18:9-71
54        android:protectionLevel="signature" />
54-->[com.huawei.hms:push:6.11.0.300] AndroidManifest.xml:19:9-44
55
56    <uses-permission android:name="com.aliyun.emas.pocdemo.permission.PROCESS_PUSH_MSG" />
56-->[com.huawei.hms:push:6.11.0.300] AndroidManifest.xml:21:5-84
56-->[com.huawei.hms:push:6.11.0.300] AndroidManifest.xml:21:22-81
57    <uses-permission android:name="com.aliyun.emas.pocdemo.permission.PUSH_PROVIDER" />
57-->[com.huawei.hms:push:6.11.0.300] AndroidManifest.xml:22:5-81
57-->[com.huawei.hms:push:6.11.0.300] AndroidManifest.xml:22:22-78
58    <uses-permission android:name="com.hihonor.push.permission.READ_PUSH_NOTIFICATION_INFO" />
58-->[com.aliyun.ams:honor-push:7.0.61.302] AndroidManifest.xml:11:5-95
58-->[com.aliyun.ams:honor-push:7.0.61.302] AndroidManifest.xml:11:22-92
59
60    <permission
60-->[com.taobao.android:accs_sdk_taobao:4.7.7-emas] AndroidManifest.xml:22:5-26:47
61        android:name="com.aliyun.emas.pocdemo.ACCS"
61-->[com.taobao.android:accs_sdk_taobao:4.7.7-emas] AndroidManifest.xml:23:9-45
62        android:description="@string/accs_permission_description"
62-->[com.taobao.android:accs_sdk_taobao:4.7.7-emas] AndroidManifest.xml:24:9-66
63        android:label="@string/accs_permission_label"
63-->[com.taobao.android:accs_sdk_taobao:4.7.7-emas] AndroidManifest.xml:25:9-54
64        android:protectionLevel="signature" />
64-->[com.taobao.android:accs_sdk_taobao:4.7.7-emas] AndroidManifest.xml:26:9-44
65
66    <uses-permission android:name="com.aliyun.emas.pocdemo.ACCS" />
66-->[com.taobao.android:accs_sdk_taobao:4.7.7-emas] AndroidManifest.xml:28:5-61
66-->[com.taobao.android:accs_sdk_taobao:4.7.7-emas] AndroidManifest.xml:28:22-58
67
68    <queries>
68-->[com.huawei.hms:device:6.9.0.300] AndroidManifest.xml:14:5-21:15
69        <intent>
69-->[com.huawei.hms:device:6.9.0.300] AndroidManifest.xml:15:9-17:18
70            <action android:name="com.huawei.hms.core.aidlservice" />
70-->[com.huawei.hms:device:6.9.0.300] AndroidManifest.xml:16:13-70
70-->[com.huawei.hms:device:6.9.0.300] AndroidManifest.xml:16:21-67
71        </intent>
72        <intent>
72-->[com.huawei.hms:device:6.9.0.300] AndroidManifest.xml:18:9-20:18
73            <action android:name="com.huawei.hms.core" />
73-->[com.huawei.hms:device:6.9.0.300] AndroidManifest.xml:19:13-58
73-->[com.huawei.hms:device:6.9.0.300] AndroidManifest.xml:19:21-55
74        </intent>
75    </queries>
76
77    <application
77-->src/main/AndroidManifest.xml:6:5-59:19
78        android:name="com.aliyun.ams.push.example.MainApplication"
78-->src/main/AndroidManifest.xml:6:18-76
79        android:allowBackup="false"
79-->src/main/AndroidManifest.xml:6:191-218
80        android:appComponentFactory="androidx.core.app.CoreComponentFactory"
80-->[androidx.core:core:1.8.0] AndroidManifest.xml:24:18-86
81        android:icon="@mipmap/ic_launcher"
81-->src/main/AndroidManifest.xml:6:110-144
82        android:label="@string/app_name"
82-->src/main/AndroidManifest.xml:6:77-109
83        android:roundIcon="@mipmap/ic_launcher_round"
83-->src/main/AndroidManifest.xml:6:145-190
84        android:theme="@style/AppTheme" >
84-->src/main/AndroidManifest.xml:6:219-250
85        <meta-data
85-->src/main/AndroidManifest.xml:9:9-86
86            android:name="com.alibaba.app.appkey"
86-->src/main/AndroidManifest.xml:9:20-57
87            android:value="333996702" />
87-->src/main/AndroidManifest.xml:9:58-83
88        <!-- 请填写你自己的- appKey -->
89        <meta-data
89-->src/main/AndroidManifest.xml:11:9-112
90            android:name="com.alibaba.app.appsecret"
90-->src/main/AndroidManifest.xml:11:20-60
91            android:value="1c8ad256bd304e2192a5af578cf25612" />
91-->src/main/AndroidManifest.xml:11:61-109
92
93        <!-- 华为通道的参数appid -->
94        <meta-data
94-->src/main/AndroidManifest.xml:14:9-97
95            android:name="com.huawei.hms.client.appid"
95-->src/main/AndroidManifest.xml:14:20-62
96            android:value="appid=104689013" />
96-->src/main/AndroidManifest.xml:14:63-94
97
98        <!-- vivo通道的参数api_key为appkey -->
99        <meta-data
99-->src/main/AndroidManifest.xml:17:9-112
100            android:name="com.vivo.push.api_key"
100-->src/main/AndroidManifest.xml:17:20-56
101            android:value="76bf8c20-a40e-4638-a6b7-28726b280d78" />
101-->src/main/AndroidManifest.xml:17:57-109
102        <meta-data
102-->src/main/AndroidManifest.xml:18:9-80
103            android:name="com.vivo.push.app_id"
103-->src/main/AndroidManifest.xml:18:20-55
104            android:value="16835" />
104-->src/main/AndroidManifest.xml:18:56-77
105
106        <!-- honor通道的参数 -->
107        <meta-data
107-->src/main/AndroidManifest.xml:21:9-87
108            android:name="com.hihonor.push.app_id"
108-->src/main/AndroidManifest.xml:21:20-58
109            android:value="220884703" />
109-->src/main/AndroidManifest.xml:21:59-84
110
111        <!-- oppo -->
112        <meta-data
112-->src/main/AndroidManifest.xml:24:9-72
113            android:name="com.oppo.push.key"
113-->src/main/AndroidManifest.xml:24:20-52
114            android:value="" />
114-->src/main/AndroidManifest.xml:24:53-69
115        <meta-data
115-->src/main/AndroidManifest.xml:25:9-75
116            android:name="com.oppo.push.secret"
116-->src/main/AndroidManifest.xml:25:20-55
117            android:value="" />
117-->src/main/AndroidManifest.xml:25:56-72
118        <!-- 小米 -->
119        <meta-data
119-->src/main/AndroidManifest.xml:27:9-92
120            android:name="com.xiaomi.push.id"
120-->src/main/AndroidManifest.xml:27:20-53
121            android:value="2882303761518017656" />
121-->src/main/AndroidManifest.xml:27:54-89
122        <meta-data
122-->src/main/AndroidManifest.xml:28:9-87
123            android:name="com.xiaomi.push.key"
123-->src/main/AndroidManifest.xml:28:20-54
124            android:value="5821801747656" />
124-->src/main/AndroidManifest.xml:28:55-84
125
126        <!-- 魅族 -->
127        <meta-data
127-->src/main/AndroidManifest.xml:31:9-78
128            android:name="com.meizu.push.id"
128-->src/main/AndroidManifest.xml:31:20-52
129            android:value="121026" />
129-->src/main/AndroidManifest.xml:31:53-75
130        <meta-data
130-->src/main/AndroidManifest.xml:32:9-105
131            android:name="com.meizu.push.key"
131-->src/main/AndroidManifest.xml:32:20-53
132            android:value="ba7cd1a355d8416dab0142e390170e5a" />
132-->src/main/AndroidManifest.xml:32:54-102
133
134        <!-- fcm -->
135        <meta-data
135-->src/main/AndroidManifest.xml:35:9-86
136            android:name="com.gcm.push.sendid"
136-->src/main/AndroidManifest.xml:35:20-54
137            android:value="977409684591" />
137-->src/main/AndroidManifest.xml:35:55-83
138        <meta-data
138-->src/main/AndroidManifest.xml:36:9-126
139            android:name="com.gcm.push.applicationid"
139-->src/main/AndroidManifest.xml:36:20-61
140            android:value="1:977409684591:android:602d85395544babef9499a" />
140-->src/main/AndroidManifest.xml:36:62-123
141        <meta-data
141-->src/main/AndroidManifest.xml:37:9-96
142            android:name="com.gcm.push.projectid"
142-->src/main/AndroidManifest.xml:37:20-57
143            android:value="cloudpushdemo-9b2e9" />
143-->src/main/AndroidManifest.xml:37:58-93
144        <meta-data
144-->src/main/AndroidManifest.xml:38:9-114
145            android:name="com.gcm.push.api.key"
145-->src/main/AndroidManifest.xml:38:20-55
146            android:value="AIzaSyBLOVcofQMaz0kx6-AsTfNRr-j2asK96lQ" />
146-->src/main/AndroidManifest.xml:38:56-111
147
148        <activity
148-->src/main/AndroidManifest.xml:41:9-46:20
149            android:name="com.aliyun.ams.push.example.MainActivity"
149-->src/main/AndroidManifest.xml:41:19-74
150            android:configChanges="keyboard|keyboardHidden|orientation|screenLayout|screenSize|smallestScreenSize|uiMode"
150-->src/main/AndroidManifest.xml:41:108-217
151            android:exported="true"
151-->src/main/AndroidManifest.xml:41:293-316
152            android:label="@string/app_name"
152-->src/main/AndroidManifest.xml:41:75-107
153            android:launchMode="singleTask"
153-->src/main/AndroidManifest.xml:41:218-249
154            android:windowSoftInputMode="adjustResize" >
154-->src/main/AndroidManifest.xml:41:250-292
155            <intent-filter>
155-->src/main/AndroidManifest.xml:42:13-45:29
156                <action android:name="android.intent.action.MAIN" />
156-->src/main/AndroidManifest.xml:43:17-69
156-->src/main/AndroidManifest.xml:43:25-66
157
158                <category android:name="android.intent.category.LAUNCHER" />
158-->src/main/AndroidManifest.xml:44:17-77
158-->src/main/AndroidManifest.xml:44:27-74
159            </intent-filter>
160        </activity>
161
162        <receiver
162-->src/main/AndroidManifest.xml:48:9-58:20
163            android:name="com.aliyun.ams.push.AliyunPushMessageReceiver"
163-->src/main/AndroidManifest.xml:48:19-79
164            android:exported="false" >
164-->src/main/AndroidManifest.xml:48:80-104
165            <intent-filter>
165-->src/main/AndroidManifest.xml:49:13-51:29
166                <action android:name="com.alibaba.push2.action.NOTIFICATION_OPENED" />
166-->src/main/AndroidManifest.xml:50:17-87
166-->src/main/AndroidManifest.xml:50:25-84
167            </intent-filter>
168            <intent-filter>
168-->src/main/AndroidManifest.xml:52:13-54:29
169                <action android:name="com.alibaba.push2.action.NOTIFICATION_REMOVED" />
169-->src/main/AndroidManifest.xml:53:17-88
169-->src/main/AndroidManifest.xml:53:25-85
170            </intent-filter>
171            <intent-filter>
171-->src/main/AndroidManifest.xml:55:13-57:29
172                <action android:name="com.alibaba.sdk.android.push.RECEIVE" />
172-->src/main/AndroidManifest.xml:56:17-79
172-->src/main/AndroidManifest.xml:56:25-76
173            </intent-filter>
174        </receiver>
175
176        <meta-data
176-->[com.aliyun.ams:alicloud-android-third-push-fcm:3.8.7] AndroidManifest.xml:12:9-14:37
177            android:name="firebase_messaging_auto_init_enabled"
177-->[com.aliyun.ams:alicloud-android-third-push-fcm:3.8.7] AndroidManifest.xml:13:13-64
178            android:value="false" />
178-->[com.aliyun.ams:alicloud-android-third-push-fcm:3.8.7] AndroidManifest.xml:14:13-34
179        <meta-data
179-->[com.aliyun.ams:alicloud-android-third-push-fcm:3.8.7] AndroidManifest.xml:15:9-17:37
180            android:name="firebase_analytics_collection_enabled"
180-->[com.aliyun.ams:alicloud-android-third-push-fcm:3.8.7] AndroidManifest.xml:16:13-65
181            android:value="false" /> <!-- fcm辅助通道 -->
181-->[com.aliyun.ams:alicloud-android-third-push-fcm:3.8.7] AndroidManifest.xml:17:13-34
182        <service
182-->[com.aliyun.ams:alicloud-android-third-push-fcm:3.8.7] AndroidManifest.xml:20:9-27:19
183            android:name="com.alibaba.sdk.android.push.AgooFirebaseMessagingService"
183-->[com.aliyun.ams:alicloud-android-third-push-fcm:3.8.7] AndroidManifest.xml:21:13-85
184            android:exported="false"
184-->[com.aliyun.ams:alicloud-android-third-push-fcm:3.8.7] AndroidManifest.xml:22:13-37
185            android:process="@string/aliyun_accs_target_process" >
185-->[com.aliyun.ams:alicloud-android-third-push-fcm:3.8.7] AndroidManifest.xml:23:13-65
186            <intent-filter>
186-->[com.aliyun.ams:alicloud-android-third-push-fcm:3.8.7] AndroidManifest.xml:24:13-26:29
187                <action android:name="com.google.firebase.MESSAGING_EVENT" />
187-->[com.aliyun.ams:alicloud-android-third-push-fcm:3.8.7] AndroidManifest.xml:25:17-78
187-->[com.aliyun.ams:alicloud-android-third-push-fcm:3.8.7] AndroidManifest.xml:25:25-75
188            </intent-filter>
189        </service>
190
191        <receiver
191-->[com.google.firebase:firebase-messaging:23.0.3] AndroidManifest.xml:31:9-38:20
192            android:name="com.google.firebase.iid.FirebaseInstanceIdReceiver"
192-->[com.google.firebase:firebase-messaging:23.0.3] AndroidManifest.xml:32:13-78
193            android:exported="true"
193-->[com.google.firebase:firebase-messaging:23.0.3] AndroidManifest.xml:33:13-36
194            android:permission="com.google.android.c2dm.permission.SEND" >
194-->[com.google.firebase:firebase-messaging:23.0.3] AndroidManifest.xml:34:13-73
195            <intent-filter>
195-->[com.google.firebase:firebase-messaging:23.0.3] AndroidManifest.xml:35:13-37:29
196                <action android:name="com.google.android.c2dm.intent.RECEIVE" />
196-->[com.google.firebase:firebase-messaging:23.0.3] AndroidManifest.xml:36:17-81
196-->[com.google.firebase:firebase-messaging:23.0.3] AndroidManifest.xml:36:25-78
197            </intent-filter>
198        </receiver>
199        <!--
200             FirebaseMessagingService performs security checks at runtime,
201             but set to not exported to explicitly avoid allowing another app to call it.
202        -->
203        <service
203-->[com.google.firebase:firebase-messaging:23.0.3] AndroidManifest.xml:44:9-51:19
204            android:name="com.google.firebase.messaging.FirebaseMessagingService"
204-->[com.google.firebase:firebase-messaging:23.0.3] AndroidManifest.xml:45:13-82
205            android:directBootAware="true"
205-->[com.google.firebase:firebase-messaging:23.0.3] AndroidManifest.xml:46:13-43
206            android:exported="false" >
206-->[com.google.firebase:firebase-messaging:23.0.3] AndroidManifest.xml:47:13-37
207            <intent-filter android:priority="-500" >
207-->[com.aliyun.ams:alicloud-android-third-push-fcm:3.8.7] AndroidManifest.xml:24:13-26:29
208                <action android:name="com.google.firebase.MESSAGING_EVENT" />
208-->[com.aliyun.ams:alicloud-android-third-push-fcm:3.8.7] AndroidManifest.xml:25:17-78
208-->[com.aliyun.ams:alicloud-android-third-push-fcm:3.8.7] AndroidManifest.xml:25:25-75
209            </intent-filter>
210        </service>
211        <service
211-->[com.google.firebase:firebase-messaging:23.0.3] AndroidManifest.xml:52:9-58:19
212            android:name="com.google.firebase.components.ComponentDiscoveryService"
212-->[com.google.firebase:firebase-messaging:23.0.3] AndroidManifest.xml:53:13-84
213            android:directBootAware="true"
213-->[com.google.firebase:firebase-common:20.1.0] AndroidManifest.xml:35:13-43
214            android:exported="false" >
214-->[com.google.firebase:firebase-messaging:23.0.3] AndroidManifest.xml:54:13-37
215            <meta-data
215-->[com.google.firebase:firebase-messaging:23.0.3] AndroidManifest.xml:55:13-57:85
216                android:name="com.google.firebase.components:com.google.firebase.messaging.FirebaseMessagingRegistrar"
216-->[com.google.firebase:firebase-messaging:23.0.3] AndroidManifest.xml:56:17-119
217                android:value="com.google.firebase.components.ComponentRegistrar" />
217-->[com.google.firebase:firebase-messaging:23.0.3] AndroidManifest.xml:57:17-82
218            <meta-data
218-->[com.google.firebase:firebase-datatransport:18.1.2] AndroidManifest.xml:28:13-30:85
219                android:name="com.google.firebase.components:com.google.firebase.datatransport.TransportRegistrar"
219-->[com.google.firebase:firebase-datatransport:18.1.2] AndroidManifest.xml:29:17-115
220                android:value="com.google.firebase.components.ComponentRegistrar" />
220-->[com.google.firebase:firebase-datatransport:18.1.2] AndroidManifest.xml:30:17-82
221            <meta-data
221-->[com.google.firebase:firebase-installations:17.0.1] AndroidManifest.xml:18:13-20:85
222                android:name="com.google.firebase.components:com.google.firebase.installations.FirebaseInstallationsRegistrar"
222-->[com.google.firebase:firebase-installations:17.0.1] AndroidManifest.xml:19:17-127
223                android:value="com.google.firebase.components.ComponentRegistrar" />
223-->[com.google.firebase:firebase-installations:17.0.1] AndroidManifest.xml:20:17-82
224        </service>
225
226        <activity
226-->[com.google.android.gms:play-services-base:18.0.1] AndroidManifest.xml:20:9-22:45
227            android:name="com.google.android.gms.common.api.GoogleApiActivity"
227-->[com.google.android.gms:play-services-base:18.0.1] AndroidManifest.xml:20:19-85
228            android:exported="false"
228-->[com.google.android.gms:play-services-base:18.0.1] AndroidManifest.xml:22:19-43
229            android:theme="@android:style/Theme.Translucent.NoTitleBar" />
229-->[com.google.android.gms:play-services-base:18.0.1] AndroidManifest.xml:21:19-78
230
231        <provider
231-->[com.google.firebase:firebase-common:20.1.0] AndroidManifest.xml:26:9-31:39
232            android:name="com.google.firebase.provider.FirebaseInitProvider"
232-->[com.google.firebase:firebase-common:20.1.0] AndroidManifest.xml:27:13-77
233            android:authorities="com.aliyun.emas.pocdemo.firebaseinitprovider"
233-->[com.google.firebase:firebase-common:20.1.0] AndroidManifest.xml:28:13-72
234            android:directBootAware="true"
234-->[com.google.firebase:firebase-common:20.1.0] AndroidManifest.xml:29:13-43
235            android:exported="false"
235-->[com.google.firebase:firebase-common:20.1.0] AndroidManifest.xml:30:13-37
236            android:initOrder="100" />
236-->[com.google.firebase:firebase-common:20.1.0] AndroidManifest.xml:31:13-36
237
238        <meta-data
238-->[com.google.android.gms:play-services-basement:18.0.0] AndroidManifest.xml:21:9-23:69
239            android:name="com.google.android.gms.version"
239-->[com.google.android.gms:play-services-basement:18.0.0] AndroidManifest.xml:22:13-58
240            android:value="@integer/google_play_services_version" />
240-->[com.google.android.gms:play-services-basement:18.0.0] AndroidManifest.xml:23:13-66
241
242        <provider
242-->[androidx.emoji2:emoji2:1.2.0] AndroidManifest.xml:24:9-32:20
243            android:name="androidx.startup.InitializationProvider"
243-->[androidx.emoji2:emoji2:1.2.0] AndroidManifest.xml:25:13-67
244            android:authorities="com.aliyun.emas.pocdemo.androidx-startup"
244-->[androidx.emoji2:emoji2:1.2.0] AndroidManifest.xml:26:13-68
245            android:exported="false" >
245-->[androidx.emoji2:emoji2:1.2.0] AndroidManifest.xml:27:13-37
246            <meta-data
246-->[androidx.emoji2:emoji2:1.2.0] AndroidManifest.xml:29:13-31:52
247                android:name="androidx.emoji2.text.EmojiCompatInitializer"
247-->[androidx.emoji2:emoji2:1.2.0] AndroidManifest.xml:30:17-75
248                android:value="androidx.startup" />
248-->[androidx.emoji2:emoji2:1.2.0] AndroidManifest.xml:31:17-49
249            <meta-data
249-->[androidx.lifecycle:lifecycle-process:2.4.1] AndroidManifest.xml:31:13-33:52
250                android:name="androidx.lifecycle.ProcessLifecycleInitializer"
250-->[androidx.lifecycle:lifecycle-process:2.4.1] AndroidManifest.xml:32:17-78
251                android:value="androidx.startup" />
251-->[androidx.lifecycle:lifecycle-process:2.4.1] AndroidManifest.xml:33:17-49
252        </provider>
253
254        <meta-data
254-->[com.facebook.soloader:soloader:0.10.5] AndroidManifest.xml:12:9-14:37
255            android:name="com.facebook.soloader.enabled"
255-->[com.facebook.soloader:soloader:0.10.5] AndroidManifest.xml:13:13-57
256            android:value="false" />
256-->[com.facebook.soloader:soloader:0.10.5] AndroidManifest.xml:14:13-34
257
258        <service
258-->[com.google.android.datatransport:transport-backend-cct:3.1.3] AndroidManifest.xml:29:9-35:19
259            android:name="com.google.android.datatransport.runtime.backends.TransportBackendDiscovery"
259-->[com.google.android.datatransport:transport-backend-cct:3.1.3] AndroidManifest.xml:30:13-103
260            android:exported="false" >
260-->[com.google.android.datatransport:transport-backend-cct:3.1.3] AndroidManifest.xml:31:13-37
261            <meta-data
261-->[com.google.android.datatransport:transport-backend-cct:3.1.3] AndroidManifest.xml:32:13-34:39
262                android:name="backend:com.google.android.datatransport.cct.CctBackendFactory"
262-->[com.google.android.datatransport:transport-backend-cct:3.1.3] AndroidManifest.xml:33:17-94
263                android:value="cct" />
263-->[com.google.android.datatransport:transport-backend-cct:3.1.3] AndroidManifest.xml:34:17-36
264        </service>
265        <service
265-->[com.google.android.datatransport:transport-runtime:3.1.3] AndroidManifest.xml:26:9-30:19
266            android:name="com.google.android.datatransport.runtime.scheduling.jobscheduling.JobInfoSchedulerService"
266-->[com.google.android.datatransport:transport-runtime:3.1.3] AndroidManifest.xml:27:13-117
267            android:exported="false"
267-->[com.google.android.datatransport:transport-runtime:3.1.3] AndroidManifest.xml:28:13-37
268            android:permission="android.permission.BIND_JOB_SERVICE" >
268-->[com.google.android.datatransport:transport-runtime:3.1.3] AndroidManifest.xml:29:13-69
269        </service>
270
271        <receiver
271-->[com.google.android.datatransport:transport-runtime:3.1.3] AndroidManifest.xml:32:9-34:40
272            android:name="com.google.android.datatransport.runtime.scheduling.jobscheduling.AlarmManagerSchedulerBroadcastReceiver"
272-->[com.google.android.datatransport:transport-runtime:3.1.3] AndroidManifest.xml:33:13-132
273            android:exported="false" /> <!-- Push SDK -->
273-->[com.google.android.datatransport:transport-runtime:3.1.3] AndroidManifest.xml:34:13-37
274        <service
274-->[com.aliyun.ams:alicloud-android-push:3.8.7] AndroidManifest.xml:18:9-22:69
275            android:name="com.alibaba.sdk.android.push.channel.KeepChannelService"
275-->[com.aliyun.ams:alicloud-android-push:3.8.7] AndroidManifest.xml:19:13-83
276            android:exported="false"
276-->[com.aliyun.ams:alicloud-android-push:3.8.7] AndroidManifest.xml:20:13-37
277            android:permission="android.permission.BIND_JOB_SERVICE"
277-->[com.aliyun.ams:alicloud-android-push:3.8.7] AndroidManifest.xml:21:13-69
278            android:process="@string/aliyun_accs_channel_process" /> <!-- meizu通道配置 -->
278-->[com.aliyun.ams:alicloud-android-push:3.8.7] AndroidManifest.xml:22:13-66
279        <receiver
279-->[com.aliyun.ams:alicloud-android-third-push-meizu:3.8.7] AndroidManifest.xml:28:9-46:20
280            android:name="com.alibaba.sdk.android.push.MeizuPushReceiver"